**********************
Начало записи сценария Windows PowerShell
Время начала: 20250818214126
Имя пользователя: DESKTOP-PULD3PE\Ludmila
Запуск от имени пользователя: DESKTOP-PULD3PE\Ludmila
Имя конфигурации: 
Компьютер: DESKTOP-PULD3PE (Microsoft Windows NT 10.0.19045.0)
Ведущее приложение: C:\Windows\System32\WindowsPowerShell\v1.0\powershell.exe -NoProfile -ExecutionPolicy Bypass -File C:\Users\Ludmila\contract_ai\RUN_DOCTOR.ps1
ИД процесса: 16856
PSVersion: 5.1.19041.5607
PSEdition: Desktop
PSCompatibleVersions: 1.0, 2.0, 3.0, 4.0, 5.0, 5.1.19041.5607
BuildVersion: 10.0.19041.5607
CLRVersion: 4.0.30319.42000
WSManStackVersion: 3.0
PSRemotingProtocolVersion: 2.3
SerializationVersion: 1.1.0.1
**********************
[INFO] Python: python
[INFO] Backend  = https://localhost:9000
[INFO] Frontend = https://localhost:3000
[INFO] Manifest = C:\Users\Ludmila\contract_ai\word_addin_dev\manifest.xml
[INFO] Webroot  = C:\Users\Ludmila\contract_ai\word_addin_dev
[INFO] App      = C:\Users\Ludmila\contract_ai\api\app.py
[INFO] Out      = C:\Users\Ludmila\contract_ai\report\doctor_report-20250818-214126
[OK] Wrote C:\Users\Ludmila\contract_ai\report\doctor_report-20250818-214126.md and C:\Users\Ludmila\contract_ai\report\doctor_report-20250818-214126.json
[OK] Р—РІС–С‚: C:\Users\Ludmila\contract_ai\report\doctor_report-20250818-214126.md
[INFO] JSON: C:\Users\Ludmila\contract_ai\report\doctor_report-20250818-214126.json
**********************
Конец записи протокола Windows PowerShell
Время окончания: 20250818214137
**********************
